
=== Mon Dec 17 15:05:15 2018

Packages were changed.
Update Mode: updateDependencies

The following packages were added:
  com.unity.collab-proxy@1.2.15
The following packages were updated:
  com.unity.ads from version 2.0.8 to 2.3.1
  com.unity.analytics from version 2.0.16 to 3.2.2
  com.unity.package-manager-ui from version 1.9.11 to 2.0.3
  com.unity.textmeshpro from version 1.2.4 to 1.3.0

=== Tue Mar 19 14:21:08 2019

Packages were changed.
Update Mode: updateDependencies

The following packages were updated:
  com.unity.package-manager-ui from version 2.0.3 to 2.0.7

=== Wed Jul 17 19:21:41 2019

Packages were changed.
Update Mode: updateDependencies

The following packages were added:
  com.unity.timeline@1.0.0
  com.unity.multiplayer-hlapi@1.0.2
  com.unity.xr.legacyinputhelpers@2.0.2
The following packages were updated:
  com.unity.analytics from version 3.2.2 to 3.3.2
  com.unity.collab-proxy from version 1.2.15 to 1.2.16
  com.unity.package-manager-ui from version 2.0.7 to 2.1.2
  com.unity.purchasing from version 2.0.3 to 2.0.6
  com.unity.textmeshpro from version 1.3.0 to 2.0.1
  com.unity.xr.openvr.standalone from version 1.0.2 to 1.0.5

=== Wed Aug  7 13:58:47 2019

Packages were changed.
Update Mode: updateDependencies

The following packages were added:
  com.unity.2d.tilemap@1.0.0
  com.unity.ext.nunit@1.0.0
  com.unity.test-framework@1.0.13
  com.unity.2d.sprite@1.0.0
  com.unity.ide.vscode@1.0.7
  com.unity.ide.rider@1.0.8
  com.unity.ugui@1.0.0
  com.unity.modules.androidjni@1.0.0
The following packages were updated:
  com.unity.package-manager-ui from version 2.1.2 to 2.2.0
  com.unity.timeline from version 1.0.0 to 1.1.0
  com.unity.xr.oculus.standalone from version 1.29.1 to 1.36.0

=== Thu Aug 22 19:17:35 2019

Packages were changed.
Update Mode: updateDependencies

The following packages were updated:
  com.unity.ide.rider from version 1.0.8 to 1.1.0

=== Mon Sep 16 17:28:34 2019

Packages were changed.
Update Mode: updateDependencies

The following packages were updated:
  com.unity.ide.vscode from version 1.0.7 to 1.1.0

=== Tue Oct 15 20:42:18 2019

Packages were changed.
Update Mode: updateDependencies

The following packages were updated:
  com.unity.ide.vscode from version 1.1.0 to 1.1.2

=== Fri Dec  6 00:39:05 2019

Packages were changed.
Update Mode: updateDependencies

The following packages were updated:
  com.unity.ide.vscode from version 1.1.2 to 1.1.3
  com.unity.multiplayer-hlapi from version 1.0.2 to 1.0.4
  com.unity.test-framework from version 1.0.13 to 1.1.3
  com.unity.timeline from version 1.1.0 to 1.2.6
  com.unity.xr.oculus.standalone from version 1.36.0 to 1.38.3
The following packages were removed:
  com.unity.package-manager-ui@2.2.0

=== Tue Dec 17 23:11:21 2019

Packages were changed.
Update Mode: updateDependencies

The following packages were updated:
  com.unity.ide.rider from version 1.1.0 to 1.1.4
  com.unity.xr.oculus.standalone from version 1.38.3 to 2.38.4
  com.unity.xr.openvr.standalone from version 1.0.5 to 2.0.5
